[2022-06-29 08:07:20] [ERROR]: Protocol -> unexpected disconnect: read tcp 192.168.10.23:49858->36.155.201.42:8080: wsarecv: A connection attempt failed because the connected party did not properly respond after a period of time, or established connection failed because connected host has failed to respond. 
[2022-06-29 08:07:20] [ERROR]: Protocol -> connect server error: dial tcp error: dial tcp 36.155.208.73:8080: connectex: A socket operation was attempted to an unreachable host. 
[2022-06-29 08:07:20] [ERROR]: Protocol -> connect server error: dial tcp error: dial tcp 36.155.208.73:8080: connectex: A socket operation was attempted to an unreachable host. 
[2022-06-29 08:07:20] [WARNING]: Bot已离线: connection dropped by server. 
[2022-06-29 08:07:23] [WARNING]: 将在 3 秒后尝试重连. 重连次数：2/0 
[2022-06-29 08:07:27] [WARNING]: 尝试重连... 
[2022-06-29 08:07:27] [ERROR]: Protocol -> connect server error: dial tcp error: dial tcp 120.232.27.24:8080: connectex: A socket operation was attempted to an unreachable host. 
[2022-06-29 08:07:27] [WARNING]: 快速重连失败: dial tcp error: dial tcp 120.232.27.24:8080: connectex: A socket operation was attempted to an unreachable host. 
[2022-06-29 08:07:27] [WARNING]: 快速重连失败, 尝试普通登录. 这可能是因为其他端强行T下线导致的. 
[2022-06-29 08:07:28] [ERROR]: Protocol -> connect server error: dial tcp error: dial tcp 111.31.205.218:80: connectex: A socket operation was attempted to an unreachable host. 
[2022-06-29 08:07:28] [ERROR]: 登录时发生致命错误: dial tcp error: dial tcp 111.31.205.218:80: connectex: A socket operation was attempted to an unreachable host. 
[2022-06-29 08:07:28] [WARNING]: 将在 3 秒后尝试重连. 重连次数：3/0 
[2022-06-29 08:07:31] [WARNING]: 尝试重连... 
[2022-06-29 08:07:31] [ERROR]: Protocol -> connect server error: dial tcp error: dial tcp 36.155.245.173:14000: connectex: A socket operation was attempted to an unreachable host. 
[2022-06-29 08:07:31] [WARNING]: 快速重连失败: dial tcp error: dial tcp 36.155.245.173:14000: connectex: A socket operation was attempted to an unreachable host. 
[2022-06-29 08:07:31] [WARNING]: 快速重连失败, 尝试普通登录. 这可能是因为其他端强行T下线导致的. 
[2022-06-29 08:07:32] [ERROR]: Protocol -> connect server error: dial tcp error: dial tcp 120.241.150.93:443: connectex: A socket operation was attempted to an unreachable host. 
[2022-06-29 08:07:32] [ERROR]: 登录时发生致命错误: dial tcp error: dial tcp 120.241.150.93:443: connectex: A socket operation was attempted to an unreachable host. 
[2022-06-29 08:07:32] [WARNING]: 将在 3 秒后尝试重连. 重连次数：4/0 
[2022-06-29 08:07:35] [WARNING]: 尝试重连... 
[2022-06-29 08:07:35] [ERROR]: Protocol -> connect server error: dial tcp error: dial tcp 111.31.205.197:80: connectex: A socket operation was attempted to an unreachable host. 
[2022-06-29 08:07:35] [WARNING]: 快速重连失败: dial tcp error: dial tcp 111.31.205.197:80: connectex: A socket operation was attempted to an unreachable host. 
[2022-06-29 08:07:35] [WARNING]: 快速重连失败, 尝试普通登录. 这可能是因为其他端强行T下线导致的. 
[2022-06-29 08:07:36] [ERROR]: Protocol -> connect server error: dial tcp error: dial tcp 36.155.244.59:80: connectex: A socket operation was attempted to an unreachable host. 
[2022-06-29 08:07:36] [ERROR]: 登录时发生致命错误: dial tcp error: dial tcp 36.155.244.59:80: connectex: A socket operation was attempted to an unreachable host. 
[2022-06-29 08:07:36] [WARNING]: 将在 3 秒后尝试重连. 重连次数：5/0 
[2022-06-29 08:07:39] [WARNING]: 尝试重连... 
[2022-06-29 08:07:39] [ERROR]: Protocol -> connect server error: dial tcp error: dial tcp 111.31.205.197:80: connectex: A socket operation was attempted to an unreachable host. 
[2022-06-29 08:07:39] [WARNING]: 快速重连失败: dial tcp error: dial tcp 111.31.205.197:80: connectex: A socket operation was attempted to an unreachable host. 
[2022-06-29 08:07:39] [WARNING]: 快速重连失败, 尝试普通登录. 这可能是因为其他端强行T下线导致的. 
[2022-06-29 08:07:40] [ERROR]: Protocol -> connect server error: dial tcp error: dial tcp 36.155.201.42:8080: connectex: A socket operation was attempted to an unreachable host. 
[2022-06-29 08:07:40] [ERROR]: 登录时发生致命错误: dial tcp error: dial tcp 36.155.201.42:8080: connectex: A socket operation was attempted to an unreachable host. 
[2022-06-29 08:07:40] [WARNING]: 将在 3 秒后尝试重连. 重连次数：6/0 
[2022-06-29 08:07:43] [WARNING]: 尝试重连... 
[2022-06-29 08:07:43] [ERROR]: Protocol -> connect server error: dial tcp error: dial tcp 120.232.65.165:8080: connectex: A socket operation was attempted to an unreachable host. 
[2022-06-29 08:07:43] [WARNING]: 快速重连失败: dial tcp error: dial tcp 120.232.65.165:8080: connectex: A socket operation was attempted to an unreachable host. 
[2022-06-29 08:07:43] [WARNING]: 快速重连失败, 尝试普通登录. 这可能是因为其他端强行T下线导致的. 
[2022-06-29 08:07:44] [ERROR]: Protocol -> connect server error: dial tcp error: dial tcp 36.155.201.31:8080: connectex: A socket operation was attempted to an unreachable host. 
[2022-06-29 08:07:44] [ERROR]: 登录时发生致命错误: dial tcp error: dial tcp 36.155.201.31:8080: connectex: A socket operation was attempted to an unreachable host. 
[2022-06-29 08:07:44] [WARNING]: 将在 3 秒后尝试重连. 重连次数：7/0 
[2022-06-29 08:07:47] [WARNING]: 尝试重连... 
[2022-06-29 08:07:47] [ERROR]: Protocol -> connect server error: dial tcp error: dial tcp 36.155.229.123:8080: connectex: A socket operation was attempted to an unreachable host. 
[2022-06-29 08:07:47] [WARNING]: 快速重连失败: dial tcp error: dial tcp 36.155.229.123:8080: connectex: A socket operation was attempted to an unreachable host. 
[2022-06-29 08:07:47] [WARNING]: 快速重连失败, 尝试普通登录. 这可能是因为其他端强行T下线导致的. 
[2022-06-29 08:07:48] [ERROR]: Protocol -> connect server error: dial tcp error: dial tcp 36.155.213.223:8080: connectex: A socket operation was attempted to an unreachable host. 
[2022-06-29 08:07:48] [ERROR]: 登录时发生致命错误: dial tcp error: dial tcp 36.155.213.223:8080: connectex: A socket operation was attempted to an unreachable host. 
[2022-06-29 08:07:48] [WARNING]: 将在 3 秒后尝试重连. 重连次数：8/0 
[2022-06-29 08:07:51] [WARNING]: 尝试重连... 
[2022-06-29 08:07:51] [ERROR]: Protocol -> connect server error: dial tcp error: dial tcp 36.155.227.171:8080: connectex: A socket operation was attempted to an unreachable host. 
[2022-06-29 08:07:51] [WARNING]: 快速重连失败: dial tcp error: dial tcp 36.155.227.171:8080: connectex: A socket operation was attempted to an unreachable host. 
[2022-06-29 08:07:51] [WARNING]: 快速重连失败, 尝试普通登录. 这可能是因为其他端强行T下线导致的. 
[2022-06-29 08:07:52] [ERROR]: Protocol -> connect server error: dial tcp error: dial tcp 111.31.205.202:8080: connectex: A socket operation was attempted to an unreachable host. 
[2022-06-29 08:07:52] [ERROR]: 登录时发生致命错误: dial tcp error: dial tcp 111.31.205.202:8080: connectex: A socket operation was attempted to an unreachable host. 
[2022-06-29 08:07:52] [WARNING]: 将在 3 秒后尝试重连. 重连次数：9/0 
[2022-06-29 08:07:55] [WARNING]: 尝试重连... 
[2022-06-29 08:07:55] [ERROR]: Protocol -> connect server error: dial tcp error: dial tcp 111.31.200.230:8080: connectex: A socket operation was attempted to an unreachable host. 
[2022-06-29 08:07:55] [WARNING]: 快速重连失败: dial tcp error: dial tcp 111.31.200.230:8080: connectex: A socket operation was attempted to an unreachable host. 
[2022-06-29 08:07:55] [WARNING]: 快速重连失败, 尝试普通登录. 这可能是因为其他端强行T下线导致的. 
[2022-06-29 08:07:56] [ERROR]: 登录时发生致命错误: All servers are unreachable 
[2022-06-29 08:07:56] [WARNING]: 将在 3 秒后尝试重连. 重连次数：10/0 
[2022-06-29 08:07:59] [WARNING]: 尝试重连... 
[2022-06-29 08:07:59] [WARNING]: 快速重连失败: All servers are unreachable 
[2022-06-29 08:07:59] [WARNING]: 快速重连失败, 尝试普通登录. 这可能是因为其他端强行T下线导致的. 
[2022-06-29 08:08:00] [ERROR]: 登录时发生致命错误: All servers are unreachable 
[2022-06-29 08:08:00] [WARNING]: 将在 3 秒后尝试重连. 重连次数：11/0 
[2022-06-29 08:08:03] [WARNING]: 尝试重连... 
[2022-06-29 08:08:03] [WARNING]: 快速重连失败: All servers are unreachable 
[2022-06-29 08:08:03] [WARNING]: 快速重连失败, 尝试普通登录. 这可能是因为其他端强行T下线导致的. 
[2022-06-29 08:08:04] [ERROR]: 登录时发生致命错误: All servers are unreachable 
[2022-06-29 08:08:04] [WARNING]: 将在 3 秒后尝试重连. 重连次数：12/0 
[2022-06-29 08:08:07] [WARNING]: 尝试重连... 
[2022-06-29 08:08:07] [WARNING]: 快速重连失败: All servers are unreachable 
[2022-06-29 08:08:07] [WARNING]: 快速重连失败, 尝试普通登录. 这可能是因为其他端强行T下线导致的. 
[2022-06-29 08:08:08] [ERROR]: 登录时发生致命错误: All servers are unreachable 
[2022-06-29 08:08:08] [WARNING]: 将在 3 秒后尝试重连. 重连次数：13/0 
[2022-06-29 08:08:11] [WARNING]: 尝试重连... 
[2022-06-29 08:08:11] [WARNING]: 快速重连失败: All servers are unreachable 
[2022-06-29 08:08:11] [WARNING]: 快速重连失败, 尝试普通登录. 这可能是因为其他端强行T下线导致的. 
[2022-06-29 08:08:12] [ERROR]: 登录时发生致命错误: All servers are unreachable 
[2022-06-29 08:08:12] [WARNING]: 将在 3 秒后尝试重连. 重连次数：14/0 
[2022-06-29 08:08:15] [WARNING]: 尝试重连... 
[2022-06-29 08:08:15] [WARNING]: 快速重连失败: All servers are unreachable 
[2022-06-29 08:08:15] [WARNING]: 快速重连失败, 尝试普通登录. 这可能是因为其他端强行T下线导致的. 
[2022-06-29 08:08:17] [ERROR]: 登录时发生致命错误: All servers are unreachable 
[2022-06-29 08:08:17] [WARNING]: 将在 3 秒后尝试重连. 重连次数：15/0 
[2022-06-29 08:08:20] [WARNING]: 尝试重连... 
[2022-06-29 08:08:20] [WARNING]: 快速重连失败: All servers are unreachable 
[2022-06-29 08:08:20] [WARNING]: 快速重连失败, 尝试普通登录. 这可能是因为其他端强行T下线导致的. 
[2022-06-29 08:08:21] [ERROR]: 登录时发生致命错误: All servers are unreachable 
[2022-06-29 08:08:21] [WARNING]: 将在 3 秒后尝试重连. 重连次数：16/0 
[2022-06-29 08:08:24] [WARNING]: 尝试重连... 
[2022-06-29 08:08:24] [WARNING]: 快速重连失败: All servers are unreachable 
[2022-06-29 08:08:24] [WARNING]: 快速重连失败, 尝试普通登录. 这可能是因为其他端强行T下线导致的. 
[2022-06-29 08:08:25] [ERROR]: 登录时发生致命错误: All servers are unreachable 
[2022-06-29 08:08:25] [WARNING]: 将在 3 秒后尝试重连. 重连次数：17/0 
[2022-06-29 08:08:28] [WARNING]: 尝试重连... 
[2022-06-29 08:08:28] [WARNING]: 快速重连失败: All servers are unreachable 
[2022-06-29 08:08:28] [WARNING]: 快速重连失败, 尝试普通登录. 这可能是因为其他端强行T下线导致的. 
[2022-06-29 08:08:29] [ERROR]: 登录时发生致命错误: All servers are unreachable 
[2022-06-29 08:08:29] [WARNING]: 将在 3 秒后尝试重连. 重连次数：18/0 
[2022-06-29 08:08:32] [WARNING]: 尝试重连... 
[2022-06-29 08:08:32] [WARNING]: 快速重连失败: All servers are unreachable 
[2022-06-29 08:08:32] [WARNING]: 快速重连失败, 尝试普通登录. 这可能是因为其他端强行T下线导致的. 
[2022-06-29 08:08:33] [ERROR]: 登录时发生致命错误: All servers are unreachable 
[2022-06-29 08:08:33] [WARNING]: 将在 3 秒后尝试重连. 重连次数：19/0 
[2022-06-29 08:08:36] [WARNING]: 尝试重连... 
[2022-06-29 08:08:36] [WARNING]: 快速重连失败: All servers are unreachable 
[2022-06-29 08:08:36] [WARNING]: 快速重连失败, 尝试普通登录. 这可能是因为其他端强行T下线导致的. 
[2022-06-29 08:08:37] [ERROR]: 登录时发生致命错误: All servers are unreachable 
[2022-06-29 08:08:37] [WARNING]: 将在 3 秒后尝试重连. 重连次数：20/0 
[2022-06-29 08:08:40] [WARNING]: 尝试重连... 
[2022-06-29 08:08:40] [WARNING]: 快速重连失败: All servers are unreachable 
[2022-06-29 08:08:40] [WARNING]: 快速重连失败, 尝试普通登录. 这可能是因为其他端强行T下线导致的. 
[2022-06-29 08:08:41] [ERROR]: 登录时发生致命错误: All servers are unreachable 
[2022-06-29 08:08:41] [WARNING]: 将在 3 秒后尝试重连. 重连次数：21/0 
[2022-06-29 08:08:44] [WARNING]: 尝试重连... 
[2022-06-29 08:08:44] [WARNING]: 快速重连失败: All servers are unreachable 
[2022-06-29 08:08:44] [WARNING]: 快速重连失败, 尝试普通登录. 这可能是因为其他端强行T下线导致的. 
[2022-06-29 08:08:45] [ERROR]: 登录时发生致命错误: All servers are unreachable 
[2022-06-29 08:08:45] [WARNING]: 将在 3 秒后尝试重连. 重连次数：22/0 
[2022-06-29 08:08:48] [WARNING]: 尝试重连... 
[2022-06-29 08:08:48] [WARNING]: 快速重连失败: All servers are unreachable 
[2022-06-29 08:08:48] [WARNING]: 快速重连失败, 尝试普通登录. 这可能是因为其他端强行T下线导致的. 
[2022-06-29 08:08:49] [ERROR]: 登录时发生致命错误: All servers are unreachable 
[2022-06-29 08:08:49] [WARNING]: 将在 3 秒后尝试重连. 重连次数：23/0 
[2022-06-29 08:08:52] [WARNING]: 尝试重连... 
[2022-06-29 08:08:52] [WARNING]: 快速重连失败: All servers are unreachable 
[2022-06-29 08:08:52] [WARNING]: 快速重连失败, 尝试普通登录. 这可能是因为其他端强行T下线导致的. 
[2022-06-29 08:08:53] [ERROR]: 登录时发生致命错误: All servers are unreachable 
[2022-06-29 08:08:53] [WARNING]: 将在 3 秒后尝试重连. 重连次数：24/0 
[2022-06-29 08:08:56] [WARNING]: 尝试重连... 
[2022-06-29 08:08:56] [WARNING]: 快速重连失败: All servers are unreachable 
[2022-06-29 08:08:56] [WARNING]: 快速重连失败, 尝试普通登录. 这可能是因为其他端强行T下线导致的. 
[2022-06-29 08:08:57] [ERROR]: 登录时发生致命错误: All servers are unreachable 
[2022-06-29 08:08:57] [WARNING]: 将在 3 秒后尝试重连. 重连次数：25/0 
[2022-06-29 08:09:00] [WARNING]: 尝试重连... 
[2022-06-29 08:09:00] [WARNING]: 快速重连失败: All servers are unreachable 
[2022-06-29 08:09:00] [WARNING]: 快速重连失败, 尝试普通登录. 这可能是因为其他端强行T下线导致的. 
[2022-06-29 08:09:01] [ERROR]: 登录时发生致命错误: All servers are unreachable 
[2022-06-29 08:09:01] [WARNING]: 将在 3 秒后尝试重连. 重连次数：26/0 
[2022-06-29 08:09:04] [WARNING]: 尝试重连... 
[2022-06-29 08:09:04] [WARNING]: 快速重连失败: All servers are unreachable 
[2022-06-29 08:09:04] [WARNING]: 快速重连失败, 尝试普通登录. 这可能是因为其他端强行T下线导致的. 
[2022-06-29 08:09:05] [ERROR]: 登录时发生致命错误: All servers are unreachable 
[2022-06-29 08:09:05] [WARNING]: 将在 3 秒后尝试重连. 重连次数：27/0 
[2022-06-29 08:09:08] [WARNING]: 尝试重连... 
[2022-06-29 08:09:08] [WARNING]: 快速重连失败: All servers are unreachable 
[2022-06-29 08:09:08] [WARNING]: 快速重连失败, 尝试普通登录. 这可能是因为其他端强行T下线导致的. 
[2022-06-29 08:09:09] [ERROR]: 登录时发生致命错误: All servers are unreachable 
[2022-06-29 08:09:09] [WARNING]: 将在 3 秒后尝试重连. 重连次数：28/0 
[2022-06-29 08:09:12] [WARNING]: 尝试重连... 
[2022-06-29 08:09:12] [WARNING]: 快速重连失败: All servers are unreachable 
[2022-06-29 08:09:12] [WARNING]: 快速重连失败, 尝试普通登录. 这可能是因为其他端强行T下线导致的. 
[2022-06-29 08:09:13] [ERROR]: 登录时发生致命错误: All servers are unreachable 
[2022-06-29 08:09:13] [WARNING]: 将在 3 秒后尝试重连. 重连次数：29/0 
[2022-06-29 08:09:16] [WARNING]: 尝试重连... 
[2022-06-29 08:09:16] [WARNING]: 快速重连失败: All servers are unreachable 
[2022-06-29 08:09:16] [WARNING]: 快速重连失败, 尝试普通登录. 这可能是因为其他端强行T下线导致的. 
[2022-06-29 08:09:17] [ERROR]: 登录时发生致命错误: All servers are unreachable 
[2022-06-29 08:09:17] [WARNING]: 将在 3 秒后尝试重连. 重连次数：30/0 
[2022-06-29 08:09:20] [WARNING]: 尝试重连... 
[2022-06-29 08:09:20] [WARNING]: 快速重连失败: All servers are unreachable 
[2022-06-29 08:09:20] [WARNING]: 快速重连失败, 尝试普通登录. 这可能是因为其他端强行T下线导致的. 
[2022-06-29 08:09:21] [ERROR]: 登录时发生致命错误: All servers are unreachable 
[2022-06-29 08:09:22] [WARNING]: 将在 3 秒后尝试重连. 重连次数：31/0 
[2022-06-29 08:09:25] [WARNING]: 尝试重连... 
[2022-06-29 08:09:25] [WARNING]: 快速重连失败: All servers are unreachable 
[2022-06-29 08:09:25] [WARNING]: 快速重连失败, 尝试普通登录. 这可能是因为其他端强行T下线导致的. 
[2022-06-29 08:09:26] [ERROR]: 登录时发生致命错误: All servers are unreachable 
[2022-06-29 08:09:26] [WARNING]: 将在 3 秒后尝试重连. 重连次数：32/0 
[2022-06-29 08:09:29] [WARNING]: 尝试重连... 
[2022-06-29 08:09:29] [WARNING]: 快速重连失败: All servers are unreachable 
[2022-06-29 08:09:29] [WARNING]: 快速重连失败, 尝试普通登录. 这可能是因为其他端强行T下线导致的. 
[2022-06-29 08:09:30] [ERROR]: 登录时发生致命错误: All servers are unreachable 
[2022-06-29 08:09:30] [WARNING]: 将在 3 秒后尝试重连. 重连次数：33/0 
[2022-06-29 08:09:33] [WARNING]: 尝试重连... 
[2022-06-29 08:09:33] [WARNING]: 快速重连失败: All servers are unreachable 
[2022-06-29 08:09:33] [WARNING]: 快速重连失败, 尝试普通登录. 这可能是因为其他端强行T下线导致的. 
[2022-06-29 08:09:34] [ERROR]: 登录时发生致命错误: All servers are unreachable 
[2022-06-29 08:09:34] [WARNING]: 将在 3 秒后尝试重连. 重连次数：34/0 
[2022-06-29 08:09:37] [WARNING]: 尝试重连... 
[2022-06-29 08:09:37] [WARNING]: 快速重连失败: All servers are unreachable 
[2022-06-29 08:09:37] [WARNING]: 快速重连失败, 尝试普通登录. 这可能是因为其他端强行T下线导致的. 
[2022-06-29 08:09:38] [ERROR]: 登录时发生致命错误: All servers are unreachable 
[2022-06-29 08:09:38] [WARNING]: 将在 3 秒后尝试重连. 重连次数：35/0 
[2022-06-29 08:09:41] [WARNING]: 尝试重连... 
[2022-06-29 08:09:41] [WARNING]: 快速重连失败: All servers are unreachable 
[2022-06-29 08:09:41] [WARNING]: 快速重连失败, 尝试普通登录. 这可能是因为其他端强行T下线导致的. 
[2022-06-29 08:09:42] [ERROR]: 登录时发生致命错误: All servers are unreachable 
[2022-06-29 08:09:42] [WARNING]: 将在 3 秒后尝试重连. 重连次数：36/0 
[2022-06-29 08:09:45] [WARNING]: 尝试重连... 
[2022-06-29 08:09:45] [WARNING]: 快速重连失败: All servers are unreachable 
[2022-06-29 08:09:45] [WARNING]: 快速重连失败, 尝试普通登录. 这可能是因为其他端强行T下线导致的. 
[2022-06-29 08:09:46] [ERROR]: 登录时发生致命错误: All servers are unreachable 
[2022-06-29 08:09:46] [WARNING]: 将在 3 秒后尝试重连. 重连次数：37/0 
[2022-06-29 08:09:49] [WARNING]: 尝试重连... 
[2022-06-29 08:09:49] [WARNING]: 快速重连失败: All servers are unreachable 
[2022-06-29 08:09:49] [WARNING]: 快速重连失败, 尝试普通登录. 这可能是因为其他端强行T下线导致的. 
[2022-06-29 08:09:50] [ERROR]: 登录时发生致命错误: All servers are unreachable 
[2022-06-29 08:09:50] [WARNING]: 将在 3 秒后尝试重连. 重连次数：38/0 
[2022-06-29 08:09:53] [WARNING]: 尝试重连... 
[2022-06-29 08:09:53] [WARNING]: 快速重连失败: All servers are unreachable 
[2022-06-29 08:09:53] [WARNING]: 快速重连失败, 尝试普通登录. 这可能是因为其他端强行T下线导致的. 
[2022-06-29 08:09:54] [ERROR]: 登录时发生致命错误: All servers are unreachable 
[2022-06-29 08:09:54] [WARNING]: 将在 3 秒后尝试重连. 重连次数：39/0 
[2022-06-29 08:09:57] [WARNING]: 尝试重连... 
[2022-06-29 08:09:57] [WARNING]: 快速重连失败: All servers are unreachable 
[2022-06-29 08:09:57] [WARNING]: 快速重连失败, 尝试普通登录. 这可能是因为其他端强行T下线导致的. 
[2022-06-29 08:09:58] [ERROR]: 登录时发生致命错误: All servers are unreachable 
[2022-06-29 08:09:58] [WARNING]: 将在 3 秒后尝试重连. 重连次数：40/0 
[2022-06-29 08:10:01] [WARNING]: 尝试重连... 
[2022-06-29 08:10:01] [WARNING]: 快速重连失败: All servers are unreachable 
[2022-06-29 08:10:01] [WARNING]: 快速重连失败, 尝试普通登录. 这可能是因为其他端强行T下线导致的. 
[2022-06-29 08:10:02] [ERROR]: 登录时发生致命错误: All servers are unreachable 
[2022-06-29 08:10:02] [WARNING]: 将在 3 秒后尝试重连. 重连次数：41/0 
[2022-06-29 08:10:05] [WARNING]: 尝试重连... 
[2022-06-29 08:10:05] [WARNING]: 快速重连失败: All servers are unreachable 
[2022-06-29 08:10:05] [WARNING]: 快速重连失败, 尝试普通登录. 这可能是因为其他端强行T下线导致的. 
[2022-06-29 08:10:06] [ERROR]: 登录时发生致命错误: All servers are unreachable 
[2022-06-29 08:10:06] [WARNING]: 将在 3 秒后尝试重连. 重连次数：42/0 
[2022-06-29 08:10:09] [WARNING]: 尝试重连... 
[2022-06-29 08:10:09] [WARNING]: 快速重连失败: All servers are unreachable 
[2022-06-29 08:10:09] [WARNING]: 快速重连失败, 尝试普通登录. 这可能是因为其他端强行T下线导致的. 
[2022-06-29 08:10:10] [ERROR]: 登录时发生致命错误: All servers are unreachable 
[2022-06-29 08:10:10] [WARNING]: 将在 3 秒后尝试重连. 重连次数：43/0 
[2022-06-29 08:10:13] [WARNING]: 尝试重连... 
[2022-06-29 08:10:13] [WARNING]: 快速重连失败: All servers are unreachable 
[2022-06-29 08:10:13] [WARNING]: 快速重连失败, 尝试普通登录. 这可能是因为其他端强行T下线导致的. 
[2022-06-29 08:10:14] [ERROR]: 登录时发生致命错误: All servers are unreachable 
[2022-06-29 08:10:14] [WARNING]: 将在 3 秒后尝试重连. 重连次数：44/0 
[2022-06-29 08:10:17] [WARNING]: 尝试重连... 
[2022-06-29 08:10:17] [WARNING]: 快速重连失败: All servers are unreachable 
[2022-06-29 08:10:17] [WARNING]: 快速重连失败, 尝试普通登录. 这可能是因为其他端强行T下线导致的. 
[2022-06-29 08:10:18] [ERROR]: 登录时发生致命错误: All servers are unreachable 
[2022-06-29 08:10:18] [WARNING]: 将在 3 秒后尝试重连. 重连次数：45/0 
[2022-06-29 08:10:21] [WARNING]: 尝试重连... 
[2022-06-29 08:10:21] [WARNING]: 快速重连失败: All servers are unreachable 
[2022-06-29 08:10:21] [WARNING]: 快速重连失败, 尝试普通登录. 这可能是因为其他端强行T下线导致的. 
[2022-06-29 08:10:22] [ERROR]: 登录时发生致命错误: All servers are unreachable 
[2022-06-29 08:10:23] [WARNING]: 将在 3 秒后尝试重连. 重连次数：46/0 
[2022-06-29 08:10:26] [WARNING]: 尝试重连... 
[2022-06-29 08:10:26] [WARNING]: 快速重连失败: All servers are unreachable 
[2022-06-29 08:10:26] [WARNING]: 快速重连失败, 尝试普通登录. 这可能是因为其他端强行T下线导致的. 
[2022-06-29 08:10:27] [ERROR]: 登录时发生致命错误: All servers are unreachable 
[2022-06-29 08:10:27] [WARNING]: 将在 3 秒后尝试重连. 重连次数：47/0 
[2022-06-29 08:10:30] [WARNING]: 尝试重连... 
[2022-06-29 08:10:30] [WARNING]: 快速重连失败: All servers are unreachable 
[2022-06-29 08:10:30] [WARNING]: 快速重连失败, 尝试普通登录. 这可能是因为其他端强行T下线导致的. 
[2022-06-29 08:10:31] [ERROR]: 登录时发生致命错误: All servers are unreachable 
[2022-06-29 08:10:31] [WARNING]: 将在 3 秒后尝试重连. 重连次数：48/0 
[2022-06-29 08:10:34] [WARNING]: 尝试重连... 
[2022-06-29 08:10:34] [WARNING]: 快速重连失败: All servers are unreachable 
[2022-06-29 08:10:34] [WARNING]: 快速重连失败, 尝试普通登录. 这可能是因为其他端强行T下线导致的. 
[2022-06-29 08:10:35] [ERROR]: 登录时发生致命错误: All servers are unreachable 
[2022-06-29 08:10:35] [WARNING]: 将在 3 秒后尝试重连. 重连次数：49/0 
[2022-06-29 08:10:38] [WARNING]: 尝试重连... 
[2022-06-29 08:10:38] [WARNING]: 快速重连失败: All servers are unreachable 
[2022-06-29 08:10:38] [WARNING]: 快速重连失败, 尝试普通登录. 这可能是因为其他端强行T下线导致的. 
[2022-06-29 08:10:39] [ERROR]: 登录时发生致命错误: All servers are unreachable 
[2022-06-29 08:10:39] [WARNING]: 将在 3 秒后尝试重连. 重连次数：50/0 
[2022-06-29 08:10:42] [WARNING]: 尝试重连... 
[2022-06-29 08:10:42] [WARNING]: 快速重连失败: All servers are unreachable 
[2022-06-29 08:10:42] [WARNING]: 快速重连失败, 尝试普通登录. 这可能是因为其他端强行T下线导致的. 
[2022-06-29 08:10:43] [ERROR]: 登录时发生致命错误: All servers are unreachable 
[2022-06-29 08:10:43] [WARNING]: 将在 3 秒后尝试重连. 重连次数：51/0 
[2022-06-29 08:10:46] [WARNING]: 尝试重连... 
[2022-06-29 08:10:46] [WARNING]: 快速重连失败: All servers are unreachable 
[2022-06-29 08:10:46] [WARNING]: 快速重连失败, 尝试普通登录. 这可能是因为其他端强行T下线导致的. 
[2022-06-29 08:10:47] [ERROR]: 登录时发生致命错误: All servers are unreachable 
[2022-06-29 08:10:47] [WARNING]: 将在 3 秒后尝试重连. 重连次数：52/0 
[2022-06-29 08:10:50] [WARNING]: 尝试重连... 
[2022-06-29 08:10:50] [WARNING]: 快速重连失败: All servers are unreachable 
[2022-06-29 08:10:50] [WARNING]: 快速重连失败, 尝试普通登录. 这可能是因为其他端强行T下线导致的. 
[2022-06-29 08:10:51] [ERROR]: 登录时发生致命错误: All servers are unreachable 
[2022-06-29 08:10:51] [WARNING]: 将在 3 秒后尝试重连. 重连次数：53/0 
[2022-06-29 08:10:54] [WARNING]: 尝试重连... 
[2022-06-29 08:10:54] [WARNING]: 快速重连失败: All servers are unreachable 
[2022-06-29 08:10:54] [WARNING]: 快速重连失败, 尝试普通登录. 这可能是因为其他端强行T下线导致的. 
[2022-06-29 08:10:55] [ERROR]: 登录时发生致命错误: All servers are unreachable 
[2022-06-29 08:10:55] [WARNING]: 将在 3 秒后尝试重连. 重连次数：54/0 
[2022-06-29 08:10:58] [WARNING]: 尝试重连... 
[2022-06-29 08:10:58] [WARNING]: 快速重连失败: All servers are unreachable 
[2022-06-29 08:10:58] [WARNING]: 快速重连失败, 尝试普通登录. 这可能是因为其他端强行T下线导致的. 
[2022-06-29 08:10:59] [ERROR]: 登录时发生致命错误: All servers are unreachable 
[2022-06-29 08:10:59] [WARNING]: 将在 3 秒后尝试重连. 重连次数：55/0 
[2022-06-29 08:11:02] [WARNING]: 尝试重连... 
[2022-06-29 08:11:02] [WARNING]: 快速重连失败: All servers are unreachable 
[2022-06-29 08:11:02] [WARNING]: 快速重连失败, 尝试普通登录. 这可能是因为其他端强行T下线导致的. 
[2022-06-29 08:11:03] [ERROR]: 登录时发生致命错误: All servers are unreachable 
[2022-06-29 08:11:03] [WARNING]: 将在 3 秒后尝试重连. 重连次数：56/0 
[2022-06-29 08:11:06] [WARNING]: 尝试重连... 
[2022-06-29 08:11:06] [WARNING]: 快速重连失败: All servers are unreachable 
[2022-06-29 08:11:06] [WARNING]: 快速重连失败, 尝试普通登录. 这可能是因为其他端强行T下线导致的. 
[2022-06-29 08:11:07] [ERROR]: 登录时发生致命错误: All servers are unreachable 
[2022-06-29 08:11:07] [WARNING]: 将在 3 秒后尝试重连. 重连次数：57/0 
[2022-06-29 08:11:10] [WARNING]: 尝试重连... 
[2022-06-29 08:11:10] [WARNING]: 快速重连失败: All servers are unreachable 
[2022-06-29 08:11:10] [WARNING]: 快速重连失败, 尝试普通登录. 这可能是因为其他端强行T下线导致的. 
[2022-06-29 08:11:11] [ERROR]: 登录时发生致命错误: All servers are unreachable 
[2022-06-29 08:11:11] [WARNING]: 将在 3 秒后尝试重连. 重连次数：58/0 
[2022-06-29 08:11:14] [WARNING]: 尝试重连... 
[2022-06-29 08:11:14] [WARNING]: 快速重连失败: All servers are unreachable 
[2022-06-29 08:11:14] [WARNING]: 快速重连失败, 尝试普通登录. 这可能是因为其他端强行T下线导致的. 
[2022-06-29 08:11:15] [ERROR]: 登录时发生致命错误: All servers are unreachable 
[2022-06-29 08:11:15] [WARNING]: 将在 3 秒后尝试重连. 重连次数：59/0 
[2022-06-29 08:11:18] [WARNING]: 尝试重连... 
[2022-06-29 08:11:18] [WARNING]: 快速重连失败: All servers are unreachable 
[2022-06-29 08:11:18] [WARNING]: 快速重连失败, 尝试普通登录. 这可能是因为其他端强行T下线导致的. 
[2022-06-29 08:11:19] [ERROR]: 登录时发生致命错误: All servers are unreachable 
[2022-06-29 08:11:19] [WARNING]: 将在 3 秒后尝试重连. 重连次数：60/0 
[2022-06-29 08:11:22] [WARNING]: 尝试重连... 
[2022-06-29 08:11:22] [WARNING]: 快速重连失败: All servers are unreachable 
[2022-06-29 08:11:22] [WARNING]: 快速重连失败, 尝试普通登录. 这可能是因为其他端强行T下线导致的. 
[2022-06-29 08:11:24] [ERROR]: 登录时发生致命错误: All servers are unreachable 
[2022-06-29 08:11:24] [WARNING]: 将在 3 秒后尝试重连. 重连次数：61/0 
[2022-06-29 08:11:27] [WARNING]: 尝试重连... 
[2022-06-29 08:11:27] [WARNING]: 快速重连失败: All servers are unreachable 
[2022-06-29 08:11:27] [WARNING]: 快速重连失败, 尝试普通登录. 这可能是因为其他端强行T下线导致的. 
[2022-06-29 08:11:28] [ERROR]: 登录时发生致命错误: All servers are unreachable 
[2022-06-29 08:11:28] [WARNING]: 将在 3 秒后尝试重连. 重连次数：62/0 
[2022-06-29 08:11:31] [WARNING]: 尝试重连... 
[2022-06-29 08:11:31] [WARNING]: 快速重连失败: All servers are unreachable 
[2022-06-29 08:11:31] [WARNING]: 快速重连失败, 尝试普通登录. 这可能是因为其他端强行T下线导致的. 
[2022-06-29 08:11:32] [ERROR]: 登录时发生致命错误: All servers are unreachable 
[2022-06-29 08:11:32] [WARNING]: 将在 3 秒后尝试重连. 重连次数：63/0 
[2022-06-29 08:11:35] [WARNING]: 尝试重连... 
[2022-06-29 08:11:35] [WARNING]: 快速重连失败: All servers are unreachable 
[2022-06-29 08:11:35] [WARNING]: 快速重连失败, 尝试普通登录. 这可能是因为其他端强行T下线导致的. 
[2022-06-29 08:11:36] [ERROR]: 登录时发生致命错误: All servers are unreachable 
[2022-06-29 08:11:36] [WARNING]: 将在 3 秒后尝试重连. 重连次数：64/0 
[2022-06-29 08:11:39] [WARNING]: 尝试重连... 
[2022-06-29 08:11:39] [WARNING]: 快速重连失败: All servers are unreachable 
[2022-06-29 08:11:39] [WARNING]: 快速重连失败, 尝试普通登录. 这可能是因为其他端强行T下线导致的. 
[2022-06-29 08:11:40] [ERROR]: 登录时发生致命错误: All servers are unreachable 
[2022-06-29 08:11:40] [WARNING]: 将在 3 秒后尝试重连. 重连次数：65/0 
[2022-06-29 08:11:43] [WARNING]: 尝试重连... 
[2022-06-29 08:11:43] [WARNING]: 快速重连失败: All servers are unreachable 
[2022-06-29 08:11:43] [WARNING]: 快速重连失败, 尝试普通登录. 这可能是因为其他端强行T下线导致的. 
[2022-06-29 08:11:44] [ERROR]: 登录时发生致命错误: All servers are unreachable 
[2022-06-29 08:11:44] [WARNING]: 将在 3 秒后尝试重连. 重连次数：66/0 
[2022-06-29 08:11:47] [WARNING]: 尝试重连... 
[2022-06-29 08:11:47] [WARNING]: 快速重连失败: All servers are unreachable 
[2022-06-29 08:11:47] [WARNING]: 快速重连失败, 尝试普通登录. 这可能是因为其他端强行T下线导致的. 
[2022-06-29 08:11:48] [ERROR]: 登录时发生致命错误: All servers are unreachable 
[2022-06-29 08:11:48] [WARNING]: 将在 3 秒后尝试重连. 重连次数：67/0 
[2022-06-29 08:11:51] [WARNING]: 尝试重连... 
[2022-06-29 08:11:51] [WARNING]: 快速重连失败: All servers are unreachable 
[2022-06-29 08:11:51] [WARNING]: 快速重连失败, 尝试普通登录. 这可能是因为其他端强行T下线导致的. 
[2022-06-29 08:11:52] [ERROR]: 登录时发生致命错误: All servers are unreachable 
[2022-06-29 08:11:52] [WARNING]: 将在 3 秒后尝试重连. 重连次数：68/0 
[2022-06-29 08:11:55] [WARNING]: 尝试重连... 
[2022-06-29 08:11:55] [WARNING]: 快速重连失败: All servers are unreachable 
[2022-06-29 08:11:55] [WARNING]: 快速重连失败, 尝试普通登录. 这可能是因为其他端强行T下线导致的. 
[2022-06-29 08:11:56] [ERROR]: 登录时发生致命错误: All servers are unreachable 
[2022-06-29 08:11:56] [WARNING]: 将在 3 秒后尝试重连. 重连次数：69/0 
[2022-06-29 08:11:59] [WARNING]: 尝试重连... 
[2022-06-29 08:11:59] [WARNING]: 快速重连失败: All servers are unreachable 
[2022-06-29 08:11:59] [WARNING]: 快速重连失败, 尝试普通登录. 这可能是因为其他端强行T下线导致的. 
[2022-06-29 08:12:00] [ERROR]: 登录时发生致命错误: All servers are unreachable 
[2022-06-29 08:12:00] [WARNING]: 将在 3 秒后尝试重连. 重连次数：70/0 
[2022-06-29 08:12:03] [WARNING]: 尝试重连... 
[2022-06-29 08:12:03] [WARNING]: 快速重连失败: All servers are unreachable 
[2022-06-29 08:12:03] [WARNING]: 快速重连失败, 尝试普通登录. 这可能是因为其他端强行T下线导致的. 
[2022-06-29 08:12:04] [ERROR]: 登录时发生致命错误: All servers are unreachable 
[2022-06-29 08:12:04] [WARNING]: 将在 3 秒后尝试重连. 重连次数：71/0 
[2022-06-29 08:12:07] [WARNING]: 尝试重连... 
[2022-06-29 08:12:07] [WARNING]: 快速重连失败: All servers are unreachable 
[2022-06-29 08:12:07] [WARNING]: 快速重连失败, 尝试普通登录. 这可能是因为其他端强行T下线导致的. 
[2022-06-29 08:12:08] [ERROR]: 登录时发生致命错误: All servers are unreachable 
[2022-06-29 08:12:08] [WARNING]: 将在 3 秒后尝试重连. 重连次数：72/0 
[2022-06-29 08:12:11] [WARNING]: 尝试重连... 
[2022-06-29 08:12:11] [WARNING]: 快速重连失败: All servers are unreachable 
[2022-06-29 08:12:11] [WARNING]: 快速重连失败, 尝试普通登录. 这可能是因为其他端强行T下线导致的. 
[2022-06-29 08:12:12] [ERROR]: 登录时发生致命错误: All servers are unreachable 
[2022-06-29 08:12:12] [WARNING]: 将在 3 秒后尝试重连. 重连次数：73/0 
[2022-06-29 08:12:15] [WARNING]: 尝试重连... 
[2022-06-29 08:12:15] [WARNING]: 快速重连失败: All servers are unreachable 
[2022-06-29 08:12:15] [WARNING]: 快速重连失败, 尝试普通登录. 这可能是因为其他端强行T下线导致的. 
[2022-06-29 08:12:16] [ERROR]: 登录时发生致命错误: All servers are unreachable 
[2022-06-29 08:12:16] [WARNING]: 将在 3 秒后尝试重连. 重连次数：74/0 
[2022-06-29 08:12:19] [WARNING]: 尝试重连... 
[2022-06-29 08:12:19] [WARNING]: 快速重连失败: All servers are unreachable 
[2022-06-29 08:12:19] [WARNING]: 快速重连失败, 尝试普通登录. 这可能是因为其他端强行T下线导致的. 
[2022-06-29 08:12:20] [ERROR]: 登录时发生致命错误: All servers are unreachable 
[2022-06-29 08:12:21] [WARNING]: 将在 3 秒后尝试重连. 重连次数：75/0 
[2022-06-29 08:12:24] [WARNING]: 尝试重连... 
[2022-06-29 08:12:24] [WARNING]: 快速重连失败: All servers are unreachable 
[2022-06-29 08:12:24] [WARNING]: 快速重连失败, 尝试普通登录. 这可能是因为其他端强行T下线导致的. 
[2022-06-29 08:12:25] [ERROR]: 登录时发生致命错误: All servers are unreachable 
[2022-06-29 08:12:25] [WARNING]: 将在 3 秒后尝试重连. 重连次数：76/0 
[2022-06-29 08:12:28] [WARNING]: 尝试重连... 
[2022-06-29 08:12:28] [WARNING]: 快速重连失败: All servers are unreachable 
[2022-06-29 08:12:28] [WARNING]: 快速重连失败, 尝试普通登录. 这可能是因为其他端强行T下线导致的. 
[2022-06-29 08:12:29] [ERROR]: 登录时发生致命错误: All servers are unreachable 
[2022-06-29 08:12:29] [WARNING]: 将在 3 秒后尝试重连. 重连次数：77/0 
[2022-06-29 08:12:32] [WARNING]: 尝试重连... 
[2022-06-29 08:12:32] [WARNING]: 快速重连失败: All servers are unreachable 
[2022-06-29 08:12:32] [WARNING]: 快速重连失败, 尝试普通登录. 这可能是因为其他端强行T下线导致的. 
[2022-06-29 08:12:33] [ERROR]: 登录时发生致命错误: All servers are unreachable 
[2022-06-29 08:12:33] [WARNING]: 将在 3 秒后尝试重连. 重连次数：78/0 
[2022-06-29 08:12:36] [WARNING]: 尝试重连... 
[2022-06-29 08:12:36] [WARNING]: 快速重连失败: All servers are unreachable 
[2022-06-29 08:12:36] [WARNING]: 快速重连失败, 尝试普通登录. 这可能是因为其他端强行T下线导致的. 
[2022-06-29 08:12:37] [ERROR]: 登录时发生致命错误: All servers are unreachable 
[2022-06-29 08:12:37] [WARNING]: 将在 3 秒后尝试重连. 重连次数：79/0 
[2022-06-29 08:12:40] [WARNING]: 尝试重连... 
[2022-06-29 08:12:40] [WARNING]: 快速重连失败: All servers are unreachable 
[2022-06-29 08:12:40] [WARNING]: 快速重连失败, 尝试普通登录. 这可能是因为其他端强行T下线导致的. 
[2022-06-29 08:12:41] [ERROR]: 登录时发生致命错误: All servers are unreachable 
[2022-06-29 08:12:41] [WARNING]: 将在 3 秒后尝试重连. 重连次数：80/0 
[2022-06-29 08:12:44] [WARNING]: 尝试重连... 
[2022-06-29 08:12:44] [WARNING]: 快速重连失败: All servers are unreachable 
[2022-06-29 08:12:44] [WARNING]: 快速重连失败, 尝试普通登录. 这可能是因为其他端强行T下线导致的. 
[2022-06-29 08:12:45] [ERROR]: 登录时发生致命错误: All servers are unreachable 
[2022-06-29 08:12:45] [WARNING]: 将在 3 秒后尝试重连. 重连次数：81/0 
[2022-06-29 08:12:48] [WARNING]: 尝试重连... 
[2022-06-29 08:12:48] [WARNING]: 快速重连失败: All servers are unreachable 
[2022-06-29 08:12:48] [WARNING]: 快速重连失败, 尝试普通登录. 这可能是因为其他端强行T下线导致的. 
[2022-06-29 08:12:49] [ERROR]: 登录时发生致命错误: All servers are unreachable 
[2022-06-29 08:12:49] [WARNING]: 将在 3 秒后尝试重连. 重连次数：82/0 
[2022-06-29 08:12:52] [WARNING]: 尝试重连... 
[2022-06-29 08:12:52] [WARNING]: 快速重连失败: All servers are unreachable 
[2022-06-29 08:12:52] [WARNING]: 快速重连失败, 尝试普通登录. 这可能是因为其他端强行T下线导致的. 
[2022-06-29 08:12:53] [ERROR]: 登录时发生致命错误: All servers are unreachable 
[2022-06-29 08:12:53] [WARNING]: 将在 3 秒后尝试重连. 重连次数：83/0 
[2022-06-29 08:12:56] [WARNING]: 尝试重连... 
[2022-06-29 08:12:56] [WARNING]: 快速重连失败: All servers are unreachable 
[2022-06-29 08:12:56] [WARNING]: 快速重连失败, 尝试普通登录. 这可能是因为其他端强行T下线导致的. 
[2022-06-29 08:12:57] [ERROR]: 登录时发生致命错误: All servers are unreachable 
[2022-06-29 08:12:57] [WARNING]: 将在 3 秒后尝试重连. 重连次数：84/0 
[2022-06-29 08:13:00] [WARNING]: 尝试重连... 
[2022-06-29 08:13:00] [WARNING]: 快速重连失败: All servers are unreachable 
[2022-06-29 08:13:00] [WARNING]: 快速重连失败, 尝试普通登录. 这可能是因为其他端强行T下线导致的. 
[2022-06-29 08:13:01] [ERROR]: 登录时发生致命错误: All servers are unreachable 
[2022-06-29 08:13:01] [WARNING]: 将在 3 秒后尝试重连. 重连次数：85/0 
[2022-06-29 08:13:04] [WARNING]: 尝试重连... 
[2022-06-29 08:13:04] [WARNING]: 快速重连失败: All servers are unreachable 
[2022-06-29 08:13:04] [WARNING]: 快速重连失败, 尝试普通登录. 这可能是因为其他端强行T下线导致的. 
[2022-06-29 08:13:05] [ERROR]: 登录时发生致命错误: All servers are unreachable 
[2022-06-29 08:13:05] [WARNING]: 将在 3 秒后尝试重连. 重连次数：86/0 
[2022-06-29 08:13:08] [WARNING]: 尝试重连... 
[2022-06-29 08:13:08] [WARNING]: 快速重连失败: All servers are unreachable 
[2022-06-29 08:13:08] [WARNING]: 快速重连失败, 尝试普通登录. 这可能是因为其他端强行T下线导致的. 
[2022-06-29 08:13:09] [ERROR]: 登录时发生致命错误: All servers are unreachable 
[2022-06-29 08:13:09] [WARNING]: 将在 3 秒后尝试重连. 重连次数：87/0 
[2022-06-29 08:13:12] [WARNING]: 尝试重连... 
[2022-06-29 08:13:12] [WARNING]: 快速重连失败: All servers are unreachable 
[2022-06-29 08:13:12] [WARNING]: 快速重连失败, 尝试普通登录. 这可能是因为其他端强行T下线导致的. 
[2022-06-29 08:13:13] [ERROR]: 登录时发生致命错误: All servers are unreachable 
[2022-06-29 08:13:13] [WARNING]: 将在 3 秒后尝试重连. 重连次数：88/0 
[2022-06-29 08:13:16] [WARNING]: 尝试重连... 
[2022-06-29 08:13:16] [WARNING]: 快速重连失败: All servers are unreachable 
[2022-06-29 08:13:16] [WARNING]: 快速重连失败, 尝试普通登录. 这可能是因为其他端强行T下线导致的. 
[2022-06-29 08:13:17] [ERROR]: 登录时发生致命错误: All servers are unreachable 
[2022-06-29 08:13:17] [WARNING]: 将在 3 秒后尝试重连. 重连次数：89/0 
[2022-06-29 08:13:20] [WARNING]: 尝试重连... 
[2022-06-29 08:13:20] [WARNING]: 快速重连失败: All servers are unreachable 
[2022-06-29 08:13:20] [WARNING]: 快速重连失败, 尝试普通登录. 这可能是因为其他端强行T下线导致的. 
[2022-06-29 08:13:21] [ERROR]: 登录时发生致命错误: All servers are unreachable 
[2022-06-29 08:13:21] [WARNING]: 将在 3 秒后尝试重连. 重连次数：90/0 
[2022-06-29 08:13:24] [WARNING]: 尝试重连... 
[2022-06-29 08:13:24] [WARNING]: 快速重连失败: All servers are unreachable 
[2022-06-29 08:13:24] [WARNING]: 快速重连失败, 尝试普通登录. 这可能是因为其他端强行T下线导致的. 
[2022-06-29 08:13:25] [ERROR]: 登录时发生致命错误: All servers are unreachable 
[2022-06-29 08:13:26] [WARNING]: 将在 3 秒后尝试重连. 重连次数：91/0 
[2022-06-29 08:13:29] [WARNING]: 尝试重连... 
[2022-06-29 08:13:29] [WARNING]: 快速重连失败: All servers are unreachable 
[2022-06-29 08:13:29] [WARNING]: 快速重连失败, 尝试普通登录. 这可能是因为其他端强行T下线导致的. 
[2022-06-29 08:13:30] [ERROR]: 登录时发生致命错误: All servers are unreachable 
[2022-06-29 08:13:30] [WARNING]: 将在 3 秒后尝试重连. 重连次数：92/0 
[2022-06-29 08:13:33] [WARNING]: 尝试重连... 
[2022-06-29 08:13:33] [WARNING]: 快速重连失败: All servers are unreachable 
[2022-06-29 08:13:33] [WARNING]: 快速重连失败, 尝试普通登录. 这可能是因为其他端强行T下线导致的. 
[2022-06-29 08:13:34] [ERROR]: 登录时发生致命错误: All servers are unreachable 
[2022-06-29 08:13:34] [WARNING]: 将在 3 秒后尝试重连. 重连次数：93/0 
[2022-06-29 08:13:37] [WARNING]: 尝试重连... 
[2022-06-29 08:13:37] [WARNING]: 快速重连失败: All servers are unreachable 
[2022-06-29 08:13:37] [WARNING]: 快速重连失败, 尝试普通登录. 这可能是因为其他端强行T下线导致的. 
[2022-06-29 08:13:38] [ERROR]: 登录时发生致命错误: All servers are unreachable 
[2022-06-29 08:13:38] [WARNING]: 将在 3 秒后尝试重连. 重连次数：94/0 
[2022-06-29 08:13:41] [WARNING]: 尝试重连... 
[2022-06-29 08:13:41] [WARNING]: 快速重连失败: All servers are unreachable 
[2022-06-29 08:13:41] [WARNING]: 快速重连失败, 尝试普通登录. 这可能是因为其他端强行T下线导致的. 
[2022-06-29 08:13:42] [ERROR]: 登录时发生致命错误: All servers are unreachable 
[2022-06-29 08:13:42] [WARNING]: 将在 3 秒后尝试重连. 重连次数：95/0 
[2022-06-29 08:13:45] [WARNING]: 尝试重连... 
[2022-06-29 08:13:45] [WARNING]: 快速重连失败: All servers are unreachable 
[2022-06-29 08:13:45] [WARNING]: 快速重连失败, 尝试普通登录. 这可能是因为其他端强行T下线导致的. 
[2022-06-29 08:13:46] [ERROR]: 登录时发生致命错误: All servers are unreachable 
[2022-06-29 08:13:46] [WARNING]: 将在 3 秒后尝试重连. 重连次数：96/0 
[2022-06-29 08:13:49] [WARNING]: 尝试重连... 
[2022-06-29 08:13:49] [WARNING]: 快速重连失败: All servers are unreachable 
[2022-06-29 08:13:49] [WARNING]: 快速重连失败, 尝试普通登录. 这可能是因为其他端强行T下线导致的. 
[2022-06-29 08:13:50] [ERROR]: 登录时发生致命错误: All servers are unreachable 
[2022-06-29 08:13:50] [WARNING]: 将在 3 秒后尝试重连. 重连次数：97/0 
[2022-06-29 08:13:53] [WARNING]: 尝试重连... 
[2022-06-29 08:13:53] [WARNING]: 快速重连失败: All servers are unreachable 
[2022-06-29 08:13:53] [WARNING]: 快速重连失败, 尝试普通登录. 这可能是因为其他端强行T下线导致的. 
[2022-06-29 08:13:54] [ERROR]: 登录时发生致命错误: All servers are unreachable 
[2022-06-29 08:13:54] [WARNING]: 将在 3 秒后尝试重连. 重连次数：98/0 
[2022-06-29 08:13:57] [WARNING]: 尝试重连... 
[2022-06-29 08:13:57] [WARNING]: 快速重连失败: All servers are unreachable 
[2022-06-29 08:13:57] [WARNING]: 快速重连失败, 尝试普通登录. 这可能是因为其他端强行T下线导致的. 
[2022-06-29 08:13:58] [ERROR]: 登录时发生致命错误: All servers are unreachable 
[2022-06-29 08:13:58] [WARNING]: 将在 3 秒后尝试重连. 重连次数：99/0 
[2022-06-29 08:14:01] [WARNING]: 尝试重连... 
[2022-06-29 08:14:01] [WARNING]: 快速重连失败: All servers are unreachable 
[2022-06-29 08:14:01] [WARNING]: 快速重连失败, 尝试普通登录. 这可能是因为其他端强行T下线导致的. 
[2022-06-29 08:14:02] [ERROR]: 登录时发生致命错误: All servers are unreachable 
[2022-06-29 08:14:02] [WARNING]: 将在 3 秒后尝试重连. 重连次数：100/0 
[2022-06-29 08:14:05] [WARNING]: 尝试重连... 
[2022-06-29 08:14:05] [WARNING]: 快速重连失败: All servers are unreachable 
[2022-06-29 08:14:05] [WARNING]: 快速重连失败, 尝试普通登录. 这可能是因为其他端强行T下线导致的. 
[2022-06-29 08:14:06] [ERROR]: 登录时发生致命错误: All servers are unreachable 
[2022-06-29 08:14:06] [WARNING]: 将在 3 秒后尝试重连. 重连次数：101/0 
[2022-06-29 08:14:09] [WARNING]: 尝试重连... 
[2022-06-29 08:14:09] [WARNING]: 快速重连失败: All servers are unreachable 
[2022-06-29 08:14:09] [WARNING]: 快速重连失败, 尝试普通登录. 这可能是因为其他端强行T下线导致的. 
[2022-06-29 08:14:10] [ERROR]: 登录时发生致命错误: All servers are unreachable 
[2022-06-29 08:14:10] [WARNING]: 将在 3 秒后尝试重连. 重连次数：102/0 
[2022-06-29 08:14:13] [WARNING]: 尝试重连... 
[2022-06-29 08:14:13] [WARNING]: 快速重连失败: All servers are unreachable 
[2022-06-29 08:14:13] [WARNING]: 快速重连失败, 尝试普通登录. 这可能是因为其他端强行T下线导致的. 
[2022-06-29 08:14:14] [ERROR]: 登录时发生致命错误: All servers are unreachable 
[2022-06-29 08:14:14] [WARNING]: 将在 3 秒后尝试重连. 重连次数：103/0 
[2022-06-29 08:14:17] [WARNING]: 尝试重连... 
[2022-06-29 08:14:17] [WARNING]: 快速重连失败: All servers are unreachable 
[2022-06-29 08:14:17] [WARNING]: 快速重连失败, 尝试普通登录. 这可能是因为其他端强行T下线导致的. 
[2022-06-29 08:14:18] [ERROR]: 登录时发生致命错误: All servers are unreachable 
[2022-06-29 08:14:18] [WARNING]: 将在 3 秒后尝试重连. 重连次数：104/0 
[2022-06-29 08:14:21] [WARNING]: 尝试重连... 
[2022-06-29 08:14:21] [WARNING]: 快速重连失败: All servers are unreachable 
[2022-06-29 08:14:21] [WARNING]: 快速重连失败, 尝试普通登录. 这可能是因为其他端强行T下线导致的. 
[2022-06-29 08:14:22] [ERROR]: 登录时发生致命错误: All servers are unreachable 
[2022-06-29 08:14:22] [WARNING]: 将在 3 秒后尝试重连. 重连次数：105/0 
[2022-06-29 08:14:26] [WARNING]: 尝试重连... 
[2022-06-29 08:14:26] [WARNING]: 快速重连失败: All servers are unreachable 
[2022-06-29 08:14:26] [WARNING]: 快速重连失败, 尝试普通登录. 这可能是因为其他端强行T下线导致的. 
[2022-06-29 08:14:27] [ERROR]: 登录时发生致命错误: All servers are unreachable 
[2022-06-29 08:14:27] [WARNING]: 将在 3 秒后尝试重连. 重连次数：106/0 
[2022-06-29 08:14:30] [WARNING]: 尝试重连... 
[2022-06-29 08:14:30] [WARNING]: 快速重连失败: All servers are unreachable 
[2022-06-29 08:14:30] [WARNING]: 快速重连失败, 尝试普通登录. 这可能是因为其他端强行T下线导致的. 
[2022-06-29 08:14:31] [ERROR]: 登录时发生致命错误: All servers are unreachable 
[2022-06-29 08:14:31] [WARNING]: 将在 3 秒后尝试重连. 重连次数：107/0 
[2022-06-29 08:14:34] [WARNING]: 尝试重连... 
[2022-06-29 08:14:34] [WARNING]: 快速重连失败: All servers are unreachable 
[2022-06-29 08:14:34] [WARNING]: 快速重连失败, 尝试普通登录. 这可能是因为其他端强行T下线导致的. 
[2022-06-29 08:14:35] [ERROR]: 登录时发生致命错误: All servers are unreachable 
[2022-06-29 08:14:35] [WARNING]: 将在 3 秒后尝试重连. 重连次数：108/0 
[2022-06-29 08:14:38] [WARNING]: 尝试重连... 
[2022-06-29 08:14:38] [WARNING]: 快速重连失败: All servers are unreachable 
[2022-06-29 08:14:38] [WARNING]: 快速重连失败, 尝试普通登录. 这可能是因为其他端强行T下线导致的. 
[2022-06-29 08:14:39] [ERROR]: 登录时发生致命错误: All servers are unreachable 
[2022-06-29 08:14:39] [WARNING]: 将在 3 秒后尝试重连. 重连次数：109/0 
[2022-06-29 08:14:42] [WARNING]: 尝试重连... 
[2022-06-29 08:14:42] [WARNING]: 快速重连失败: All servers are unreachable 
[2022-06-29 08:14:42] [WARNING]: 快速重连失败, 尝试普通登录. 这可能是因为其他端强行T下线导致的. 
[2022-06-29 08:14:43] [ERROR]: 登录时发生致命错误: All servers are unreachable 
[2022-06-29 08:14:43] [WARNING]: 将在 3 秒后尝试重连. 重连次数：110/0 
[2022-06-29 08:14:46] [WARNING]: 尝试重连... 
[2022-06-29 08:14:46] [WARNING]: 快速重连失败: All servers are unreachable 
[2022-06-29 08:14:46] [WARNING]: 快速重连失败, 尝试普通登录. 这可能是因为其他端强行T下线导致的. 
[2022-06-29 08:14:47] [ERROR]: 登录时发生致命错误: All servers are unreachable 
[2022-06-29 08:14:47] [WARNING]: 将在 3 秒后尝试重连. 重连次数：111/0 
[2022-06-29 08:14:50] [WARNING]: 尝试重连... 
[2022-06-29 08:14:50] [WARNING]: 快速重连失败: All servers are unreachable 
[2022-06-29 08:14:50] [WARNING]: 快速重连失败, 尝试普通登录. 这可能是因为其他端强行T下线导致的. 
[2022-06-29 08:14:51] [ERROR]: 登录时发生致命错误: All servers are unreachable 
[2022-06-29 08:14:51] [WARNING]: 将在 3 秒后尝试重连. 重连次数：112/0 
[2022-06-29 08:14:54] [WARNING]: 尝试重连... 
[2022-06-29 08:14:54] [WARNING]: 快速重连失败: All servers are unreachable 
[2022-06-29 08:14:54] [WARNING]: 快速重连失败, 尝试普通登录. 这可能是因为其他端强行T下线导致的. 
[2022-06-29 08:14:55] [ERROR]: 登录时发生致命错误: All servers are unreachable 
[2022-06-29 08:14:55] [WARNING]: 将在 3 秒后尝试重连. 重连次数：113/0 
[2022-06-29 08:14:58] [WARNING]: 尝试重连... 
[2022-06-29 08:14:58] [WARNING]: 快速重连失败: All servers are unreachable 
[2022-06-29 08:14:58] [WARNING]: 快速重连失败, 尝试普通登录. 这可能是因为其他端强行T下线导致的. 
[2022-06-29 08:14:59] [ERROR]: 登录时发生致命错误: All servers are unreachable 
[2022-06-29 08:14:59] [WARNING]: 将在 3 秒后尝试重连. 重连次数：114/0 
[2022-06-29 08:15:02] [WARNING]: 尝试重连... 
[2022-06-29 08:15:02] [WARNING]: 快速重连失败: All servers are unreachable 
[2022-06-29 08:15:02] [WARNING]: 快速重连失败, 尝试普通登录. 这可能是因为其他端强行T下线导致的. 
[2022-06-29 08:15:03] [ERROR]: 登录时发生致命错误: All servers are unreachable 
[2022-06-29 08:15:03] [WARNING]: 将在 3 秒后尝试重连. 重连次数：115/0 
[2022-06-29 08:15:06] [WARNING]: 尝试重连... 
[2022-06-29 08:15:06] [WARNING]: 快速重连失败: All servers are unreachable 
[2022-06-29 08:15:06] [WARNING]: 快速重连失败, 尝试普通登录. 这可能是因为其他端强行T下线导致的. 
[2022-06-29 08:15:07] [ERROR]: 登录时发生致命错误: All servers are unreachable 
[2022-06-29 08:15:07] [WARNING]: 将在 3 秒后尝试重连. 重连次数：116/0 
[2022-06-29 08:15:10] [WARNING]: 尝试重连... 
[2022-06-29 08:15:10] [WARNING]: 快速重连失败: All servers are unreachable 
[2022-06-29 08:15:10] [WARNING]: 快速重连失败, 尝试普通登录. 这可能是因为其他端强行T下线导致的. 
[2022-06-29 08:15:11] [ERROR]: 登录时发生致命错误: All servers are unreachable 
[2022-06-29 08:15:11] [WARNING]: 将在 3 秒后尝试重连. 重连次数：117/0 
[2022-06-29 08:15:14] [WARNING]: 尝试重连... 
[2022-06-29 08:15:14] [WARNING]: 快速重连失败: All servers are unreachable 
[2022-06-29 08:15:14] [WARNING]: 快速重连失败, 尝试普通登录. 这可能是因为其他端强行T下线导致的. 
[2022-06-29 08:15:15] [ERROR]: 登录时发生致命错误: All servers are unreachable 
[2022-06-29 08:15:15] [WARNING]: 将在 3 秒后尝试重连. 重连次数：118/0 
[2022-06-29 08:15:18] [WARNING]: 尝试重连... 
[2022-06-29 08:15:18] [WARNING]: 快速重连失败: All servers are unreachable 
[2022-06-29 08:15:18] [WARNING]: 快速重连失败, 尝试普通登录. 这可能是因为其他端强行T下线导致的. 
[2022-06-29 08:15:19] [ERROR]: 登录时发生致命错误: All servers are unreachable 
[2022-06-29 08:15:19] [WARNING]: 将在 3 秒后尝试重连. 重连次数：119/0 
[2022-06-29 08:15:22] [WARNING]: 尝试重连... 
[2022-06-29 08:15:22] [WARNING]: 快速重连失败: All servers are unreachable 
[2022-06-29 08:15:22] [WARNING]: 快速重连失败, 尝试普通登录. 这可能是因为其他端强行T下线导致的. 
[2022-06-29 08:15:23] [ERROR]: 登录时发生致命错误: All servers are unreachable 
[2022-06-29 08:15:23] [WARNING]: 将在 3 秒后尝试重连. 重连次数：120/0 
[2022-06-29 08:15:26] [WARNING]: 尝试重连... 
[2022-06-29 08:15:26] [WARNING]: 快速重连失败: All servers are unreachable 
[2022-06-29 08:15:26] [WARNING]: 快速重连失败, 尝试普通登录. 这可能是因为其他端强行T下线导致的. 
[2022-06-29 08:15:27] [ERROR]: 登录时发生致命错误: All servers are unreachable 
[2022-06-29 08:15:27] [WARNING]: 将在 3 秒后尝试重连. 重连次数：121/0 
[2022-06-29 08:15:30] [WARNING]: 尝试重连... 
[2022-06-29 08:15:30] [WARNING]: 快速重连失败: All servers are unreachable 
[2022-06-29 08:15:30] [WARNING]: 快速重连失败, 尝试普通登录. 这可能是因为其他端强行T下线导致的. 
[2022-06-29 08:15:31] [ERROR]: 登录时发生致命错误: All servers are unreachable 
[2022-06-29 08:15:32] [WARNING]: 将在 3 秒后尝试重连. 重连次数：122/0 
[2022-06-29 08:15:35] [WARNING]: 尝试重连... 
[2022-06-29 08:15:35] [WARNING]: 快速重连失败: All servers are unreachable 
[2022-06-29 08:15:35] [WARNING]: 快速重连失败, 尝试普通登录. 这可能是因为其他端强行T下线导致的. 
[2022-06-29 08:15:36] [ERROR]: 登录时发生致命错误: All servers are unreachable 
[2022-06-29 08:15:36] [WARNING]: 将在 3 秒后尝试重连. 重连次数：123/0 
[2022-06-29 08:15:39] [WARNING]: 尝试重连... 
[2022-06-29 08:15:39] [WARNING]: 快速重连失败: All servers are unreachable 
[2022-06-29 08:15:39] [WARNING]: 快速重连失败, 尝试普通登录. 这可能是因为其他端强行T下线导致的. 
[2022-06-29 08:15:40] [ERROR]: 登录时发生致命错误: All servers are unreachable 
[2022-06-29 08:15:40] [WARNING]: 将在 3 秒后尝试重连. 重连次数：124/0 
[2022-06-29 08:15:43] [WARNING]: 尝试重连... 
[2022-06-29 08:15:43] [WARNING]: 快速重连失败: All servers are unreachable 
[2022-06-29 08:15:43] [WARNING]: 快速重连失败, 尝试普通登录. 这可能是因为其他端强行T下线导致的. 
[2022-06-29 08:15:44] [ERROR]: 登录时发生致命错误: All servers are unreachable 
[2022-06-29 08:15:44] [WARNING]: 将在 3 秒后尝试重连. 重连次数：125/0 
[2022-06-29 08:15:47] [WARNING]: 尝试重连... 
[2022-06-29 08:15:47] [WARNING]: 快速重连失败: All servers are unreachable 
[2022-06-29 08:15:47] [WARNING]: 快速重连失败, 尝试普通登录. 这可能是因为其他端强行T下线导致的. 
[2022-06-29 08:15:48] [ERROR]: 登录时发生致命错误: All servers are unreachable 
[2022-06-29 08:15:48] [WARNING]: 将在 3 秒后尝试重连. 重连次数：126/0 
[2022-06-29 08:15:51] [WARNING]: 尝试重连... 
[2022-06-29 08:15:51] [WARNING]: 快速重连失败: All servers are unreachable 
[2022-06-29 08:15:51] [WARNING]: 快速重连失败, 尝试普通登录. 这可能是因为其他端强行T下线导致的. 
[2022-06-29 08:15:52] [ERROR]: 登录时发生致命错误: All servers are unreachable 
[2022-06-29 08:15:52] [WARNING]: 将在 3 秒后尝试重连. 重连次数：127/0 
[2022-06-29 08:15:55] [WARNING]: 尝试重连... 
[2022-06-29 08:15:55] [WARNING]: 快速重连失败: All servers are unreachable 
[2022-06-29 08:15:55] [WARNING]: 快速重连失败, 尝试普通登录. 这可能是因为其他端强行T下线导致的. 
[2022-06-29 08:15:56] [ERROR]: 登录时发生致命错误: All servers are unreachable 
[2022-06-29 08:15:56] [WARNING]: 将在 3 秒后尝试重连. 重连次数：128/0 
[2022-06-29 08:15:59] [WARNING]: 尝试重连... 
[2022-06-29 08:15:59] [WARNING]: 快速重连失败: All servers are unreachable 
[2022-06-29 08:15:59] [WARNING]: 快速重连失败, 尝试普通登录. 这可能是因为其他端强行T下线导致的. 
[2022-06-29 08:16:00] [ERROR]: 登录时发生致命错误: All servers are unreachable 
[2022-06-29 08:16:00] [WARNING]: 将在 3 秒后尝试重连. 重连次数：129/0 
[2022-06-29 08:16:03] [WARNING]: 尝试重连... 
[2022-06-29 08:16:03] [WARNING]: 快速重连失败: All servers are unreachable 
[2022-06-29 08:16:03] [WARNING]: 快速重连失败, 尝试普通登录. 这可能是因为其他端强行T下线导致的. 
[2022-06-29 08:16:04] [ERROR]: 登录时发生致命错误: All servers are unreachable 
[2022-06-29 08:16:04] [WARNING]: 将在 3 秒后尝试重连. 重连次数：130/0 
[2022-06-29 08:16:07] [WARNING]: 尝试重连... 
[2022-06-29 08:16:07] [WARNING]: 快速重连失败: All servers are unreachable 
[2022-06-29 08:16:07] [WARNING]: 快速重连失败, 尝试普通登录. 这可能是因为其他端强行T下线导致的. 
[2022-06-29 08:16:08] [ERROR]: 登录时发生致命错误: All servers are unreachable 
[2022-06-29 08:16:08] [WARNING]: 将在 3 秒后尝试重连. 重连次数：131/0 
[2022-06-29 08:16:11] [WARNING]: 尝试重连... 
[2022-06-29 08:16:11] [WARNING]: 快速重连失败: All servers are unreachable 
[2022-06-29 08:16:11] [WARNING]: 快速重连失败, 尝试普通登录. 这可能是因为其他端强行T下线导致的. 
[2022-06-29 08:16:22] [ERROR]: Protocol -> unexpected disconnect: EOF 
[2022-06-29 08:16:33] [ERROR]: Protocol -> parse incoming packet error: invalid packet length 1213486160 
[2022-06-29 08:16:33] [ERROR]: Protocol -> parse incoming packet error: invalid packet length 791752241 
[2022-06-29 08:16:33] [ERROR]: Protocol -> parse incoming packet error: invalid packet length 540291125 
[2022-06-29 08:16:33] [ERROR]: Protocol -> parse incoming packet error: invalid packet length 537725507 
[2022-06-29 08:16:41] [ERROR]: Protocol -> parse incoming packet error: invalid packet length 1213486160 
[2022-06-29 08:16:41] [ERROR]: Protocol -> parse incoming packet error: invalid packet length 791752241 
[2022-06-29 08:16:42] [ERROR]: 登录时发生致命错误: Packet timed out 
[2022-06-29 08:16:42] [WARNING]: 将在 3 秒后尝试重连. 重连次数：132/0 
[2022-06-29 08:16:45] [WARNING]: 尝试重连... 
[2022-06-29 08:16:52] [ERROR]: Protocol -> register client failed: Packet timed out 
[2022-06-29 08:17:02] [ERROR]: Protocol -> connect server error: dial tcp error: dial tcp 36.155.201.42:8080: connectex: A connection attempt failed because the connected party did not properly respond after a period of time, or established connection failed because connected host has failed to respond. 
[2022-06-29 08:17:02] [ERROR]: Protocol -> connect server error: dial tcp error: dial tcp 36.155.201.42:8080: connectex: A connection attempt failed because the connected party did not properly respond after a period of time, or established connection failed because connected host has failed to respond. 
[2022-06-29 08:17:02] [ERROR]: Protocol -> connect server error: dial tcp error: dial tcp 36.155.201.42:8080: connectex: A connection attempt failed because the connected party did not properly respond after a period of time, or established connection failed because connected host has failed to respond. 
[2022-06-29 08:17:02] [ERROR]: Protocol -> connect server error: dial tcp error: dial tcp 36.155.201.42:8080: connectex: A connection attempt failed because the connected party did not properly respond after a period of time, or established connection failed because connected host has failed to respond. 
[2022-06-29 08:17:04] [ERROR]: Protocol -> register client failed: Packet timed out 
[2022-06-29 08:17:04] [ERROR]: Protocol -> register client failed: Packet timed out 
[2022-06-29 08:17:06] [ERROR]: Protocol -> connect server error: dial tcp error: dial tcp 36.155.201.42:8080: connectex: A connection attempt failed because the connected party did not properly respond after a period of time, or established connection failed because connected host has failed to respond. 
[2022-06-29 08:17:06] [WARNING]: 快速重连失败: dial tcp error: dial tcp 36.155.201.42:8080: connectex: A connection attempt failed because the connected party did not properly respond after a period of time, or established connection failed because connected host has failed to respond. 
[2022-06-29 08:17:06] [WARNING]: 快速重连失败, 尝试普通登录. 这可能是因为其他端强行T下线导致的. 
[2022-06-29 08:25:11] [ERROR]: Protocol -> connect server error: dial tcp error: dial tcp 36.155.201.31:8080: connectex: A connection attempt failed because the connected party did not properly respond after a period of time, or established connection failed because connected host has failed to respond. 
[2022-06-29 08:25:11] [ERROR]: 登录时发生致命错误: dial tcp error: dial tcp 36.155.201.31:8080: connectex: A connection attempt failed because the connected party did not properly respond after a period of time, or established connection failed because connected host has failed to respond. 
[2022-06-29 08:25:11] [WARNING]: 将在 3 秒后尝试重连. 重连次数：133/0 
[2022-06-29 08:25:14] [WARNING]: 尝试重连... 
[2022-06-29 08:25:14] [WARNING]: Protocol -> device lock is disable. http api may fail. 
[2022-06-29 08:25:24] [WARNING]: 监听反向WS Universal时出现错误: websocket: close 1006 (abnormal closure): unexpected EOF 
[2022-06-29 08:25:31] [WARNING]: 向反向WS Universal服务器推送 Event 时出现错误: write tcp 127.0.0.1:49970->127.0.0.1:8080: use of closed network connection 
[2022-06-29 11:47:53] [WARNING]: Protocol -> device lock is disable. http api may fail. 
[2022-06-29 12:22:36] [ERROR]: Protocol -> unexpected disconnect: read tcp 192.168.10.23:51740->120.232.69.173:8080: wsarecv: A connection attempt failed because the connected party did not properly respond after a period of time, or established connection failed because connected host has failed to respond. 
[2022-06-29 14:12:05] [ERROR]: Protocol -> unexpected disconnect: read tcp 192.168.10.23:51944->111.31.205.248:443: wsarecv: A connection attempt failed because the connected party did not properly respond after a period of time, or established connection failed because connected host has failed to respond. 
[2022-06-29 17:44:02] [ERROR]: Protocol -> unexpected disconnect: read tcp 192.168.10.23:52100->120.232.69.213:8080: wsarecv: A connection attempt failed because the connected party did not properly respond after a period of time, or established connection failed because connected host has failed to respond. 
[2022-06-29 18:05:28] [ERROR]: Protocol -> unexpected disconnect: read tcp 192.168.10.23:53434->111.31.200.170:80: wsarecv: A connection attempt failed because the connected party did not properly respond after a period of time, or established connection failed because connected host has failed to respond. 
[2022-06-29 18:44:01] [WARNING]: Protocol -> device lock is disable. http api may fail. 
[2022-06-29 18:44:22] [WARNING]: 监听反向WS Universal时出现错误: websocket: close 1006 (abnormal closure): unexpected EOF 
[2022-06-29 18:44:29] [WARNING]: 向反向WS Universal服务器推送 Event 时出现错误: write tcp 127.0.0.1:53701->127.0.0.1:8080: use of closed network connection 
[2022-06-29 19:08:30] [ERROR]: Protocol -> unexpected disconnect: read tcp 192.168.10.23:53700->36.155.213.223:8080: wsarecv: A connection attempt failed because the connected party did not properly respond after a period of time, or established connection failed because connected host has failed to respond. 
[2022-06-29 19:08:36] [WARNING]: 监听反向WS Universal时出现错误: websocket: close 1006 (abnormal closure): unexpected EOF 
[2022-06-29 19:08:44] [WARNING]: 向反向WS Universal服务器推送 Event 时出现错误: write tcp 127.0.0.1:53737->127.0.0.1:8080: use of closed network connection 
[2022-06-29 21:51:25] [WARNING]: 监听反向WS Universal时出现错误: websocket: close 1006 (abnormal closure): unexpected EOF 
[2022-06-29 21:51:29] [WARNING]: 向反向WS Universal服务器推送 Event 时出现错误: write tcp 127.0.0.1:54040->127.0.0.1:8080: use of closed network connection 
